CREDITS
Documentation/filesystems/00-INDEX
Documentation/filesystems/unionfs/00-INDEX
Documentation/filesystems/unionfs/concepts.txt
Documentation/filesystems/unionfs/issues.txt
Documentation/filesystems/unionfs/rename.txt
Documentation/filesystems/unionfs/usage.txt
MAINTAINERS
Makefile
arch/x86/Kconfig
arch/x86/Kconfig
arch/x86/Kconfig.cpu
arch/x86/Makefile
arch/x86/include/asm/bug.h
arch/x86/include/asm/cooperative.h
arch/x86/include/asm/cooperative_internal.h
arch/x86/include/asm/delay.h
arch/x86/include/asm/dma.h
arch/x86/include/asm/dma.h
arch/x86/include/asm/fixmap.h
arch/x86/include/asm/io.h
arch/x86/include/asm/io_32.h
arch/x86/include/asm/irq_vectors.h
arch/x86/include/asm/mc146818rtc.h
arch/x86/include/asm/mmzone_32.h
arch/x86/include/asm/msr.h
arch/x86/include/asm/page.h
arch/x86/include/asm/pci.h
arch/x86/include/asm/pci_x86.h
arch/x86/include/asm/pgalloc.h
arch/x86/include/asm/pgtable-2level.h
arch/x86/include/asm/pgtable.h
arch/x86/include/asm/pgtable_32.h
arch/x86/include/asm/pgtable_32_types.h
arch/x86/include/asm/processor.h
arch/x86/include/asm/system.h
arch/x86/include/asm/timex.h
arch/x86/kernel/Makefile
arch/x86/kernel/cooperative.c
arch/x86/kernel/cpu/Makefile
arch/x86/kernel/cpu/bugs.c
arch/x86/kernel/cpu/common.c
arch/x86/kernel/cpu/cyrix.c
arch/x86/kernel/cpu/intel.c
arch/x86/kernel/entry_32.S
arch/x86/kernel/head_32.S
arch/x86/kernel/i8237.c
arch/x86/kernel/i8259_cooperative.c
arch/x86/kernel/ioport_cooperative.c
arch/x86/kernel/irqinit.c
arch/x86/kernel/process.c
arch/x86/kernel/reboot_cooperative.c
arch/x86/kernel/setup.c
arch/x86/kernel/timer_cooperative.c
arch/x86/kernel/traps.c
arch/x86/kernel/vmlinux.lds.S
arch/x86/kernel/x86_init_cooperative.c
arch/x86/kvm/Kconfig
arch/x86/lib/Makefile
arch/x86/lib/delay_cooperative.c
arch/x86/mm/Makefile
arch/x86/mm/comap.c
arch/x86/mm/fault.c
arch/x86/mm/init.c
arch/x86/mm/init_32.c
arch/x86/mm/ioremap.c
arch/x86/mm/pageattr.c
arch/x86/pci/Makefile
arch/x86/pci/copci.c
arch/x86/pci/copci.c
arch/x86/pci/i386.c
arch/x86/pci/init.c
arch/x86/pci/irq_cooperative.c
arch/x86/pci/irq_cooperative.c
arch/x86/pci/legacy.c
arch/x86/power/hibernate_32.c
drivers/block/Kconfig
drivers/block/Kconfig
drivers/block/Makefile
drivers/block/Makefile
drivers/block/cobd.c
drivers/block/cobd.c
drivers/block/compressed_loop.c
drivers/block/compressed_loop.h
drivers/char/Kconfig
drivers/char/Kconfig
drivers/char/keyboard.c
drivers/char/mem.c
drivers/char/tty_buffer.c
drivers/char/vt.c
drivers/crypto/Kconfig
drivers/gpu/vga/Kconfig
drivers/input/keyboard/Kconfig
drivers/input/keyboard/atkbd.c
drivers/input/mouse/Kconfig
drivers/input/mouse/Makefile
drivers/input/mouse/comouse.c
drivers/input/serio/Kconfig
drivers/input/serio/Makefile
drivers/input/serio/cokbd.c
drivers/net/Kconfig
drivers/net/Makefile
drivers/net/conet.c
drivers/net/conet.c
drivers/pci/pci.c
drivers/scsi/Kconfig
drivers/scsi/Makefile
drivers/scsi/coscsi.c
drivers/scsi/coscsi.c
drivers/scsi/coscsi_rom.h
drivers/serial/Kconfig
drivers/serial/Makefile
drivers/serial/coserial.c
drivers/usb/Kconfig
drivers/usb/host/Makefile
drivers/video/Kconfig
drivers/video/Makefile
drivers/video/console/Kconfig
drivers/video/console/Makefile
drivers/video/console/cocon.c
drivers/video/console/cocon.c
drivers/video/covideo.c
fs/Kconfig
fs/Kconfig
fs/Makefile
fs/Makefile
fs/cofusefs/Kconfig
fs/cofusefs/Makefile
fs/cofusefs/dev.c
fs/cofusefs/dir.c
fs/cofusefs/dir.c
fs/cofusefs/file.c
fs/cofusefs/file.c
fs/cofusefs/fuse_i.h
fs/cofusefs/fuse_i.h
fs/cofusefs/inode.c
fs/cofusefs/inode.c
fs/cofusefs/util.c
fs/namei.c
fs/splice.c
fs/stack.c
fs/super.c
fs/unionfs/Kconfig
fs/unionfs/Makefile
fs/unionfs/commonfops.c
fs/unionfs/copyup.c
fs/unionfs/debug.c
fs/unionfs/dentry.c
fs/unionfs/dirfops.c
fs/unionfs/dirhelper.c
fs/unionfs/fanout.h
fs/unionfs/file.c
fs/unionfs/inode.c
fs/unionfs/lookup.c
fs/unionfs/main.c
fs/unionfs/mmap.c
fs/unionfs/rdstate.c
fs/unionfs/rename.c
fs/unionfs/sioq.c
fs/unionfs/sioq.h
fs/unionfs/subr.c
fs/unionfs/super.c
fs/unionfs/union.h
fs/unionfs/unlink.c
fs/unionfs/whiteout.c
fs/unionfs/xattr.c
include/linux/blkdev.h
include/linux/console.h
include/linux/console_struct.h
include/linux/cooperative.h
include/linux/cooperative_fs.h
include/linux/cooperative_internal.h
include/linux/cooperative_pci.h
include/linux/copci.h
include/linux/covideo.h
include/linux/fs.h
include/linux/fs_stack.h
include/linux/kbd_kern.h
include/linux/magic.h
include/linux/major.h
include/linux/namei.h
include/linux/page-flags.h
include/linux/splice.h
include/linux/union_fs.h
include/scsi/coscsi.h
kernel/Makefile
kernel/cooperative.c
kernel/panic.c
kernel/printk.c
kernel/sysctl.c
lib/iomap.c
mm/bootmem.c
mm/page_alloc.c
mm/vmscan.c
scripts/mkmakefile
security/security.c
sound/pci/Kconfig
sound/pci/Makefile
sound/pci/coaudio.c
